2024-04-16T07:37:42.545+02:00  INFO 9024 --- [librerias-alten] [main] c.a.p.LibreriasBackendApplicationTests   : Starting LibreriasBackendApplicationTests using Java 17.0.3 with PID 9024 (started by termi in D:\Alten-Practicas\Alten-Practicas\Back\LibreriasBACKEND)
2024-04-16T07:37:42.550+02:00  INFO 9024 --- [librerias-alten] [main] c.a.p.LibreriasBackendApplicationTests   : The following 1 profile is active: "dev"
2024-04-16T07:37:43.466+02:00  INFO 9024 --- [librerias-alten] [main] .s.d.r.c.RepositoryConfigurationDelegate : Bootstrapping Spring Data JPA repositories in DEFAULT mode.
2024-04-16T07:37:43.525+02:00  INFO 9024 --- [librerias-alten] [main] .s.d.r.c.RepositoryConfigurationDelegate : Finished Spring Data repository scanning in 50 ms. Found 3 JPA repository interfaces.
2024-04-16T07:37:44.025+02:00  INFO 9024 --- [librerias-alten] [main] o.hibernate.jpa.internal.util.LogHelper  : HHH000204: Processing PersistenceUnitInfo [name: default]
2024-04-16T07:37:44.111+02:00  INFO 9024 --- [librerias-alten] [main] org.hibernate.Version                    : HHH000412: Hibernate ORM core version 6.4.4.Final
2024-04-16T07:37:44.154+02:00  INFO 9024 --- [librerias-alten] [main] o.h.c.internal.RegionFactoryInitiator    : HHH000026: Second-level cache disabled
2024-04-16T07:37:44.426+02:00  INFO 9024 --- [librerias-alten] [main] o.s.o.j.p.SpringPersistenceUnitInfo      : No LoadTimeWeaver setup: ignoring JPA class transformer
2024-04-16T07:37:44.451+02:00  INFO 9024 --- [librerias-alten] [main] com.zaxxer.hikari.HikariDataSource       : HikariPool-1 - Starting...
2024-04-16T07:37:44.644+02:00  INFO 9024 --- [librerias-alten] [main] com.zaxxer.hikari.pool.HikariPool        : HikariPool-1 - Added connection org.postgresql.jdbc.PgConnection@986b619
2024-04-16T07:37:44.646+02:00  INFO 9024 --- [librerias-alten] [main] com.zaxxer.hikari.HikariDataSource       : HikariPool-1 - Start completed.
2024-04-16T07:37:45.616+02:00  INFO 9024 --- [librerias-alten] [main] o.h.e.t.j.p.i.JtaPlatformInitiator       : HHH000489: No JTA platform available (set 'hibernate.transaction.jta.platform' to enable JTA platform integration)
2024-04-16T07:37:45.719+02:00  INFO 9024 --- [librerias-alten] [main] j.LocalContainerEntityManagerFactoryBean : Initialized JPA EntityManagerFactory for persistence unit 'default'
2024-04-16T07:37:46.068+02:00  INFO 9024 --- [librerias-alten] [main] o.s.d.j.r.query.QueryEnhancerFactory     : Hibernate is in classpath; If applicable, HQL parser will be used.
2024-04-16T07:37:47.497+02:00  INFO 9024 --- [librerias-alten] [main] c.a.p.LibreriasBackendApplicationTests   : Started LibreriasBackendApplicationTests in 5.194 seconds (process running for 6.116)
2024-04-16T07:37:48.272+02:00  INFO 9024 --- [librerias-alten] [SpringApplicationShutdownHook] j.LocalContainerEntityManagerFactoryBean : Closing JPA EntityManagerFactory for persistence unit 'default'
2024-04-16T07:37:48.274+02:00  INFO 9024 --- [librerias-alten] [SpringApplicationShutdownHook] com.zaxxer.hikari.HikariDataSource       : HikariPool-1 - Shutdown initiated...
2024-04-16T07:37:48.277+02:00  INFO 9024 --- [librerias-alten] [SpringApplicationShutdownHook] com.zaxxer.hikari.HikariDataSource       : HikariPool-1 - Shutdown completed.
2024-04-16T07:38:19.681+02:00  INFO 37620 --- [librerias-alten] [main] c.a.p.LibreriasBackendApplication        : Starting LibreriasBackendApplication using Java 17.0.3 with PID 37620 (D:\Alten-Practicas\Alten-Practicas\Back\LibreriasBACKEND\target\classes started by termi in D:\Alten-Practicas\Alten-Practicas\Back\LibreriasBACKEND)
2024-04-16T07:38:19.682+02:00  INFO 37620 --- [librerias-alten] [main] c.a.p.LibreriasBackendApplication        : The following 1 profile is active: "dev"
2024-04-16T07:38:20.121+02:00  INFO 37620 --- [librerias-alten] [main] .s.d.r.c.RepositoryConfigurationDelegate : Bootstrapping Spring Data JPA repositories in DEFAULT mode.
2024-04-16T07:38:20.157+02:00  INFO 37620 --- [librerias-alten] [main] .s.d.r.c.RepositoryConfigurationDelegate : Finished Spring Data repository scanning in 31 ms. Found 3 JPA repository interfaces.
2024-04-16T07:38:20.429+02:00  INFO 37620 --- [librerias-alten] [main] o.s.b.w.embedded.tomcat.TomcatWebServer  : Tomcat initialized with port 8080 (http)
2024-04-16T07:38:20.437+02:00  INFO 37620 --- [librerias-alten] [main] o.apache.catalina.core.StandardService   : Starting service [Tomcat]
2024-04-16T07:38:20.437+02:00  INFO 37620 --- [librerias-alten] [main] o.apache.catalina.core.StandardEngine    : Starting Servlet engine: [Apache Tomcat/10.1.19]
2024-04-16T07:38:20.474+02:00  INFO 37620 --- [librerias-alten] [main] o.a.c.c.C.[Tomcat].[localhost].[/]       : Initializing Spring embedded WebApplicationContext
2024-04-16T07:38:20.474+02:00  INFO 37620 --- [librerias-alten] [main] w.s.c.ServletWebServerApplicationContext : Root WebApplicationContext: initialization completed in 767 ms
2024-04-16T07:38:20.580+02:00  INFO 37620 --- [librerias-alten] [main] o.hibernate.jpa.internal.util.LogHelper  : HHH000204: Processing PersistenceUnitInfo [name: default]
2024-04-16T07:38:20.606+02:00  INFO 37620 --- [librerias-alten] [main] org.hibernate.Version                    : HHH000412: Hibernate ORM core version 6.4.4.Final
2024-04-16T07:38:20.623+02:00  INFO 37620 --- [librerias-alten] [main] o.h.c.internal.RegionFactoryInitiator    : HHH000026: Second-level cache disabled
2024-04-16T07:38:20.748+02:00  INFO 37620 --- [librerias-alten] [main] o.s.o.j.p.SpringPersistenceUnitInfo      : No LoadTimeWeaver setup: ignoring JPA class transformer
2024-04-16T07:38:20.763+02:00  INFO 37620 --- [librerias-alten] [main] com.zaxxer.hikari.HikariDataSource       : HikariPool-1 - Starting...
2024-04-16T07:38:20.863+02:00  INFO 37620 --- [librerias-alten] [main] com.zaxxer.hikari.pool.HikariPool        : HikariPool-1 - Added connection org.postgresql.jdbc.PgConnection@1dbff71c
2024-04-16T07:38:20.864+02:00  INFO 37620 --- [librerias-alten] [main] com.zaxxer.hikari.HikariDataSource       : HikariPool-1 - Start completed.
2024-04-16T07:38:21.487+02:00  INFO 37620 --- [librerias-alten] [main] o.h.e.t.j.p.i.JtaPlatformInitiator       : HHH000489: No JTA platform available (set 'hibernate.transaction.jta.platform' to enable JTA platform integration)
2024-04-16T07:38:21.564+02:00  INFO 37620 --- [librerias-alten] [main] j.LocalContainerEntityManagerFactoryBean : Initialized JPA EntityManagerFactory for persistence unit 'default'
2024-04-16T07:38:21.716+02:00  INFO 37620 --- [librerias-alten] [main] o.s.d.j.r.query.QueryEnhancerFactory     : Hibernate is in classpath; If applicable, HQL parser will be used.
2024-04-16T07:38:22.296+02:00  INFO 37620 --- [librerias-alten] [main] o.s.b.w.embedded.tomcat.TomcatWebServer  : Tomcat started on port 8080 (http) with context path ''
2024-04-16T07:38:22.303+02:00  INFO 37620 --- [librerias-alten] [main] c.a.p.LibreriasBackendApplication        : Started LibreriasBackendApplication in 2.895 seconds (process running for 3.312)
2024-04-16T07:38:50.404+02:00  INFO 37620 --- [librerias-alten] [http-nio-8080-exec-1] o.a.c.c.C.[Tomcat].[localhost].[/]       : Initializing Spring DispatcherServlet 'dispatcherServlet'
2024-04-16T07:38:50.404+02:00  INFO 37620 --- [librerias-alten] [http-nio-8080-exec-1] o.s.web.servlet.DispatcherServlet        : Initializing Servlet 'dispatcherServlet'
2024-04-16T07:38:50.405+02:00  INFO 37620 --- [librerias-alten] [http-nio-8080-exec-1] o.s.web.servlet.DispatcherServlet        : Completed initialization in 1 ms
2024-04-16T07:42:42.928+02:00  INFO 37620 --- [librerias-alten] [RMI TCP Connection(8)-127.0.0.1] inMXBeanRegistrar$SpringApplicationAdmin : Application shutdown requested.
2024-04-16T07:42:42.941+02:00  INFO 37620 --- [librerias-alten] [RMI TCP Connection(8)-127.0.0.1] j.LocalContainerEntityManagerFactoryBean : Closing JPA EntityManagerFactory for persistence unit 'default'
2024-04-16T07:42:42.942+02:00  INFO 37620 --- [librerias-alten] [RMI TCP Connection(8)-127.0.0.1] com.zaxxer.hikari.HikariDataSource       : HikariPool-1 - Shutdown initiated...
2024-04-16T07:42:42.944+02:00  INFO 37620 --- [librerias-alten] [RMI TCP Connection(8)-127.0.0.1] com.zaxxer.hikari.HikariDataSource       : HikariPool-1 - Shutdown completed.
